Analysis & Synthesis report for MotorControlUnit
Mon Dec 01 21:14:24 2014
Quartus II 64-Bit Version 14.0.2 Build 209 09/17/2014 SJ Web Edition


---------------------
; Table of Contents ;
---------------------
  1. Legal Notice
  2. Analysis & Synthesis Summary
  3. Analysis & Synthesis Settings
  4. Parallel Compilation
  5. Analysis & Synthesis Source Files Read
  6. Analysis & Synthesis Resource Usage Summary
  7. Analysis & Synthesis Resource Utilization by Entity
  8. State Machine - |signal_generator|pwm_state
  9. State Machine - |signal_generator|mode_state
 10. General Register Statistics
 11. Multiplexer Restructuring Statistics (Restructuring Performed)
 12. Post-Synthesis Netlist Statistics for Top Partition
 13. Elapsed Time Per Partition
 14. Analysis & Synthesis Messages



----------------
; Legal Notice ;
----------------
Copyright (C) 1991-2014 Altera Corporation. All rights reserved.
Your use of Altera Corporation's design tools, logic functions 
and other software and tools, and its AMPP partner logic 
functions, and any output files from any of the foregoing 
(including device programming or simulation files), and any 
associated documentation or information are expressly subject 
to the terms and conditions of the Altera Program License 
Subscription Agreement, the Altera Quartus II License Agreement,
the Altera MegaCore Function License Agreement, or other 
applicable license agreement, including, without limitation, 
that your use is for the sole purpose of programming logic 
devices manufactured by Altera and sold by Altera or its 
authorized distributors.  Please refer to the applicable 
agreement for further details.



+------------------------------------------------------------------------------+
; Analysis & Synthesis Summary                                                 ;
+---------------------------------+--------------------------------------------+
; Analysis & Synthesis Status     ; Successful - Mon Dec 01 21:14:24 2014      ;
; Quartus II 64-Bit Version       ; 14.0.2 Build 209 09/17/2014 SJ Web Edition ;
; Revision Name                   ; MotorControlUnit                           ;
; Top-level Entity Name           ; signal_generator                           ;
; Family                          ; Cyclone V                                  ;
; Logic utilization (in ALMs)     ; N/A                                        ;
; Total registers                 ; 52                                         ;
; Total pins                      ; 51                                         ;
; Total virtual pins              ; 0                                          ;
; Total block memory bits         ; 0                                          ;
; Total DSP Blocks                ; 0                                          ;
; Total HSSI RX PCSs              ; 0                                          ;
; Total HSSI PMA RX Deserializers ; 0                                          ;
; Total HSSI TX PCSs              ; 0                                          ;
; Total HSSI PMA TX Serializers   ; 0                                          ;
; Total PLLs                      ; 0                                          ;
; Total DLLs                      ; 0                                          ;
+---------------------------------+--------------------------------------------+


+---------------------------------------------------------------------------------------------------------------------------+
; Analysis & Synthesis Settings                                                                                             ;
+---------------------------------------------------------------------------------+--------------------+--------------------+
; Option                                                                          ; Setting            ; Default Value      ;
+---------------------------------------------------------------------------------+--------------------+--------------------+
; Device                                                                          ; 5CGXFC5C6F27C7     ;                    ;
; Top-level entity name                                                           ; signal_generator   ; MotorControlUnit   ;
; Family name                                                                     ; Cyclone V          ; Cyclone IV GX      ;
; Use smart compilation                                                           ; Off                ; Off                ;
; Enable parallel Assembler and TimeQuest Timing Analyzer during compilation      ; On                 ; On                 ;
; Enable compact report table                                                     ; Off                ; Off                ;
; Restructure Multiplexers                                                        ; Auto               ; Auto               ;
; MLAB Add Timing Constraints For Mixed-Port Feed-Through Mode Setting Don't Care ; Off                ; Off                ;
; Create Debugging Nodes for IP Cores                                             ; Off                ; Off                ;
; Preserve fewer node names                                                       ; On                 ; On                 ;
; Disable OpenCore Plus hardware evaluation                                       ; Off                ; Off                ;
; Verilog Version                                                                 ; Verilog_2001       ; Verilog_2001       ;
; VHDL Version                                                                    ; VHDL_1993          ; VHDL_1993          ;
; State Machine Processing                                                        ; Auto               ; Auto               ;
; Safe State Machine                                                              ; Off                ; Off                ;
; Extract Verilog State Machines                                                  ; On                 ; On                 ;
; Extract VHDL State Machines                                                     ; On                 ; On                 ;
; Ignore Verilog initial constructs                                               ; Off                ; Off                ;
; Iteration limit for constant Verilog loops                                      ; 5000               ; 5000               ;
; Iteration limit for non-constant Verilog loops                                  ; 250                ; 250                ;
; Add Pass-Through Logic to Inferred RAMs                                         ; On                 ; On                 ;
; Infer RAMs from Raw Logic                                                       ; On                 ; On                 ;
; Parallel Synthesis                                                              ; On                 ; On                 ;
; DSP Block Balancing                                                             ; Auto               ; Auto               ;
; NOT Gate Push-Back                                                              ; On                 ; On                 ;
; Power-Up Don't Care                                                             ; On                 ; On                 ;
; Remove Redundant Logic Cells                                                    ; Off                ; Off                ;
; Remove Duplicate Registers                                                      ; On                 ; On                 ;
; Ignore CARRY Buffers                                                            ; Off                ; Off                ;
; Ignore CASCADE Buffers                                                          ; Off                ; Off                ;
; Ignore GLOBAL Buffers                                                           ; Off                ; Off                ;
; Ignore ROW GLOBAL Buffers                                                       ; Off                ; Off                ;
; Ignore LCELL Buffers                                                            ; Off                ; Off                ;
; Ignore SOFT Buffers                                                             ; On                 ; On                 ;
; Limit AHDL Integers to 32 Bits                                                  ; Off                ; Off                ;
; Optimization Technique                                                          ; Balanced           ; Balanced           ;
; Carry Chain Length                                                              ; 70                 ; 70                 ;
; Auto Carry Chains                                                               ; On                 ; On                 ;
; Auto Open-Drain Pins                                                            ; On                 ; On                 ;
; Perform WYSIWYG Primitive Resynthesis                                           ; Off                ; Off                ;
; Auto ROM Replacement                                                            ; On                 ; On                 ;
; Auto RAM Replacement                                                            ; On                 ; On                 ;
; Auto DSP Block Replacement                                                      ; On                 ; On                 ;
; Auto Shift Register Replacement                                                 ; Auto               ; Auto               ;
; Allow Shift Register Merging across Hierarchies                                 ; Auto               ; Auto               ;
; Auto Clock Enable Replacement                                                   ; On                 ; On                 ;
; Strict RAM Replacement                                                          ; Off                ; Off                ;
; Allow Synchronous Control Signals                                               ; On                 ; On                 ;
; Force Use of Synchronous Clear Signals                                          ; Off                ; Off                ;
; Auto Resource Sharing                                                           ; Off                ; Off                ;
; Allow Any RAM Size For Recognition                                              ; Off                ; Off                ;
; Allow Any ROM Size For Recognition                                              ; Off                ; Off                ;
; Allow Any Shift Register Size For Recognition                                   ; Off                ; Off                ;
; Use LogicLock Constraints during Resource Balancing                             ; On                 ; On                 ;
; Ignore translate_off and synthesis_off directives                               ; Off                ; Off                ;
; Timing-Driven Synthesis                                                         ; On                 ; On                 ;
; Report Parameter Settings                                                       ; On                 ; On                 ;
; Report Source Assignments                                                       ; On                 ; On                 ;
; Report Connectivity Checks                                                      ; On                 ; On                 ;
; Ignore Maximum Fan-Out Assignments                                              ; Off                ; Off                ;
; Synchronization Register Chain Length                                           ; 3                  ; 3                  ;
; PowerPlay Power Optimization                                                    ; Normal compilation ; Normal compilation ;
; HDL message level                                                               ; Level2             ; Level2             ;
; Suppress Register Optimization Related Messages                                 ; Off                ; Off                ;
; Number of Removed Registers Reported in Synthesis Report                        ; 5000               ; 5000               ;
; Number of Swept Nodes Reported in Synthesis Report                              ; 5000               ; 5000               ;
; Number of Inverted Registers Reported in Synthesis Report                       ; 100                ; 100                ;
; Clock MUX Protection                                                            ; On                 ; On                 ;
; Auto Gated Clock Conversion                                                     ; Off                ; Off                ;
; Block Design Naming                                                             ; Auto               ; Auto               ;
; SDC constraint protection                                                       ; Off                ; Off                ;
; Synthesis Effort                                                                ; Auto               ; Auto               ;
; Shift Register Replacement - Allow Asynchronous Clear Signal                    ; On                 ; On                 ;
; Pre-Mapping Resynthesis Optimization                                            ; Off                ; Off                ;
; Analysis & Synthesis Message Level                                              ; Medium             ; Medium             ;
; Disable Register Merging Across Hierarchies                                     ; Auto               ; Auto               ;
; Resource Aware Inference For Block RAM                                          ; On                 ; On                 ;
; Synthesis Seed                                                                  ; 1                  ; 1                  ;
; Automatic Parallel Synthesis                                                    ; On                 ; On                 ;
; Partial Reconfiguration Bitstream ID                                            ; Off                ; Off                ;
+---------------------------------------------------------------------------------+--------------------+--------------------+


Parallel compilation was disabled, but you have multiple processors available. Enable parallel compilation to reduce compilation time.
+-------------------------------------+
; Parallel Compilation                ;
+----------------------------+--------+
; Processors                 ; Number ;
+----------------------------+--------+
; Number detected on machine ; 4      ;
; Maximum allowed            ; 1      ;
+----------------------------+--------+


+--------------------------------------------------------------------------------------------------------------------------------------------------+
; Analysis & Synthesis Source Files Read                                                                                                           ;
+------------------------------------------+-----------------+-----------------+---------------------------------------------------------+---------+
; File Name with User-Entered Path         ; Used in Netlist ; File Type       ; File Name with Absolute Path                            ; Library ;
+------------------------------------------+-----------------+-----------------+---------------------------------------------------------+---------+
; IP/signal_generator/signal_generator.vhd ; yes             ; User VHDL File  ; Z:/SoC/quartus/IP/signal_generator/signal_generator.vhd ;         ;
+------------------------------------------+-----------------+-----------------+---------------------------------------------------------+---------+


+-------------------------------------------------------------+
; Analysis & Synthesis Resource Usage Summary                 ;
+---------------------------------------------+---------------+
; Resource                                    ; Usage         ;
+---------------------------------------------+---------------+
; Estimate of Logic utilization (ALMs needed) ; 61            ;
;                                             ;               ;
; Combinational ALUT usage for logic          ; 109           ;
;     -- 7 input functions                    ; 0             ;
;     -- 6 input functions                    ; 12            ;
;     -- 5 input functions                    ; 8             ;
;     -- 4 input functions                    ; 20            ;
;     -- <=3 input functions                  ; 69            ;
;                                             ;               ;
; Dedicated logic registers                   ; 52            ;
;                                             ;               ;
; I/O pins                                    ; 51            ;
; Total DSP Blocks                            ; 0             ;
; Maximum fan-out node                        ; reset_n~input ;
; Maximum fan-out                             ; 74            ;
; Total fan-out                               ; 654           ;
; Average fan-out                             ; 2.49          ;
+---------------------------------------------+---------------+


+-----------------------------------------------------------------------------------------------------------------------------------------------------------+
; Analysis & Synthesis Resource Utilization by Entity                                                                                                       ;
+----------------------------+-------------------+--------------+-------------------+------------+------+--------------+---------------------+--------------+
; Compilation Hierarchy Node ; LC Combinationals ; LC Registers ; Block Memory Bits ; DSP Blocks ; Pins ; Virtual Pins ; Full Hierarchy Name ; Library Name ;
+----------------------------+-------------------+--------------+-------------------+------------+------+--------------+---------------------+--------------+
; |signal_generator          ; 109 (109)         ; 52 (52)      ; 0                 ; 0          ; 51   ; 0            ; |signal_generator   ; work         ;
+----------------------------+-------------------+--------------+-------------------+------------+------+--------------+---------------------+--------------+
Note: For table entries with two numbers listed, the numbers in parentheses indicate the number of resources of the given type used by the specific entity alone. The numbers listed outside of parentheses indicate the total resources of the given type used by the specific entity and all of its sub-entities in the hierarchy.


Encoding Type:  One-Hot
+------------------------------------------------------------------------------------+
; State Machine - |signal_generator|pwm_state                                        ;
+-----------------+----------------+-----------------+---------------+---------------+
; Name            ; pwm_state.FOUR ; pwm_state.THREE ; pwm_state.TWO ; pwm_state.ONE ;
+-----------------+----------------+-----------------+---------------+---------------+
; pwm_state.ONE   ; 0              ; 0               ; 0             ; 0             ;
; pwm_state.TWO   ; 0              ; 0               ; 1             ; 1             ;
; pwm_state.THREE ; 0              ; 1               ; 0             ; 1             ;
; pwm_state.FOUR  ; 1              ; 0               ; 0             ; 1             ;
+-----------------+----------------+-----------------+---------------+---------------+


Encoding Type:  One-Hot
+--------------------------------------------------------------------------------------------------------------------------------------+
; State Machine - |signal_generator|mode_state                                                                                         ;
+--------------------+------------------+------------------+--------------------+--------------------+---------------+-----------------+
; Name               ; mode_state.COS_2 ; mode_state.COS_1 ; mode_state.COS_1_2 ; mode_state.COS_1_4 ; mode_state.CR ; mode_state.IDLE ;
+--------------------+------------------+------------------+--------------------+--------------------+---------------+-----------------+
; mode_state.IDLE    ; 0                ; 0                ; 0                  ; 0                  ; 0             ; 0               ;
; mode_state.CR      ; 0                ; 0                ; 0                  ; 0                  ; 1             ; 1               ;
; mode_state.COS_1_4 ; 0                ; 0                ; 0                  ; 1                  ; 0             ; 1               ;
; mode_state.COS_1_2 ; 0                ; 0                ; 1                  ; 0                  ; 0             ; 1               ;
; mode_state.COS_1   ; 0                ; 1                ; 0                  ; 0                  ; 0             ; 1               ;
; mode_state.COS_2   ; 1                ; 0                ; 0                  ; 0                  ; 0             ; 1               ;
+--------------------+------------------+------------------+--------------------+--------------------+---------------+-----------------+


+------------------------------------------------------+
; General Register Statistics                          ;
+----------------------------------------------+-------+
; Statistic                                    ; Value ;
+----------------------------------------------+-------+
; Total registers                              ; 52    ;
; Number of registers using Synchronous Clear  ; 0     ;
; Number of registers using Synchronous Load   ; 0     ;
; Number of registers using Asynchronous Clear ; 52    ;
; Number of registers using Asynchronous Load  ; 0     ;
; Number of registers using Clock Enable       ; 51    ;
; Number of registers using Preset             ; 0     ;
+----------------------------------------------+-------+


+-----------------------------------------------------------------------------------------------------------------------------------------------+
; Multiplexer Restructuring Statistics (Restructuring Performed)                                                                                ;
+--------------------+-----------+---------------+----------------------+------------------------+------------+---------------------------------+
; Multiplexer Inputs ; Bus Width ; Baseline Area ; Area if Restructured ; Saving if Restructured ; Registered ; Example Multiplexer Output      ;
+--------------------+-----------+---------------+----------------------+------------------------+------------+---------------------------------+
; 3:1                ; 4 bits    ; 8 LEs         ; 8 LEs                ; 0 LEs                  ; No         ; |signal_generator|pwm_state.ONE ;
; 3:1                ; 5 bits    ; 10 LEs        ; 10 LEs               ; 0 LEs                  ; No         ; |signal_generator|mode_state    ;
; 6:1                ; 5 bits    ; 20 LEs        ; 20 LEs               ; 0 LEs                  ; No         ; |signal_generator|mode_state    ;
+--------------------+-----------+---------------+----------------------+------------------------+------------+---------------------------------+


+-----------------------------------------------------+
; Post-Synthesis Netlist Statistics for Top Partition ;
+-----------------------+-----------------------------+
; Type                  ; Count                       ;
+-----------------------+-----------------------------+
; arriav_ff             ; 52                          ;
;     CLR               ; 1                           ;
;     ENA CLR           ; 51                          ;
; arriav_lcell_comb     ; 111                         ;
;     arith             ; 49                          ;
;         1 data inputs ; 41                          ;
;         2 data inputs ; 4                           ;
;         3 data inputs ; 4                           ;
;     normal            ; 62                          ;
;         1 data inputs ; 3                           ;
;         3 data inputs ; 19                          ;
;         4 data inputs ; 20                          ;
;         5 data inputs ; 8                           ;
;         6 data inputs ; 12                          ;
; boundary_port         ; 51                          ;
;                       ;                             ;
; Max LUT depth         ; 6.30                        ;
; Average LUT depth     ; 3.67                        ;
+-----------------------+-----------------------------+


+-------------------------------+
; Elapsed Time Per Partition    ;
+----------------+--------------+
; Partition Name ; Elapsed Time ;
+----------------+--------------+
; Top            ; 00:00:01     ;
+----------------+--------------+


+-------------------------------+
; Analysis & Synthesis Messages ;
+-------------------------------+
Info: *******************************************************************
Info: Running Quartus II 64-Bit Analysis & Synthesis
    Info: Version 14.0.2 Build 209 09/17/2014 SJ Web Edition
    Info: Processing started: Mon Dec 01 21:14:17 2014
Info: Command: quartus_map --read_settings_files=on --write_settings_files=off MotorControlUnit -c MotorControlUnit
Warning (20028): Parallel compilation is not licensed and has been disabled
Info (12021): Found 2 design units, including 1 entities, in source file ip/key_detect_tut/key_detect_tut.vhd
    Info (12022): Found design unit 1: key_detect_tut-mykeydetect
    Info (12023): Found entity 1: key_detect_tut
Info (12021): Found 2 design units, including 1 entities, in source file ip/register_interface/register_interface.vhd
    Info (12022): Found design unit 1: register_interface-my_register_interface
    Info (12023): Found entity 1: register_interface
Info (12021): Found 2 design units, including 1 entities, in source file ip/motor_control_unit/motor_control_unit.vhd
    Info (12022): Found design unit 1: motor_control_unit-my_motor_control_unit
    Info (12023): Found entity 1: motor_control_unit
Info (12021): Found 2 design units, including 1 entities, in source file ip/milestone3/milestone3.vhd
    Info (12022): Found design unit 1: milestone3-my_milestone3
    Info (12023): Found entity 1: milestone3
Info (12021): Found 2 design units, including 1 entities, in source file ip/counter/counter.vhd
    Info (12022): Found design unit 1: counter-counter_arch
    Info (12023): Found entity 1: counter
Info (12021): Found 2 design units, including 1 entities, in source file ip/debug_key_detect/debug_key_detect.vhd
    Info (12022): Found design unit 1: debug_key_detect-my_debug_key_detect
    Info (12023): Found entity 1: debug_key_detect
Info (12021): Found 2 design units, including 1 entities, in source file ip/signal_generator/signal_generator.vhd
    Info (12022): Found design unit 1: signal_generator-my_signal_generator
    Info (12023): Found entity 1: signal_generator
Info (12127): Elaborating entity "signal_generator" for the top level hierarchy
Warning (13004): Presettable and clearable registers converted to equivalent circuits with latches. Registers power-up to an undefined state, and DEVCLRn places the registers in an undefined state.
    Warning (13310): Register "pwm_5ms_counter[8]" is converted into an equivalent circuit using register "pwm_5ms_counter[8]~_emulated" and latch "pwm_5ms_counter[8]~1"
    Warning (13310): Register "pwm_5ms_counter[7]" is converted into an equivalent circuit using register "pwm_5ms_counter[7]~_emulated" and latch "pwm_5ms_counter[7]~5"
    Warning (13310): Register "pwm_5ms_counter[6]" is converted into an equivalent circuit using register "pwm_5ms_counter[6]~_emulated" and latch "pwm_5ms_counter[6]~9"
    Warning (13310): Register "pwm_5ms_counter[5]" is converted into an equivalent circuit using register "pwm_5ms_counter[5]~_emulated" and latch "pwm_5ms_counter[5]~13"
    Warning (13310): Register "pwm_5ms_counter[4]" is converted into an equivalent circuit using register "pwm_5ms_counter[4]~_emulated" and latch "pwm_5ms_counter[4]~17"
    Warning (13310): Register "pwm_5ms_counter[3]" is converted into an equivalent circuit using register "pwm_5ms_counter[3]~_emulated" and latch "pwm_5ms_counter[3]~21"
    Warning (13310): Register "pwm_5ms_counter[2]" is converted into an equivalent circuit using register "pwm_5ms_counter[2]~_emulated" and latch "pwm_5ms_counter[2]~25"
    Warning (13310): Register "pwm_5ms_counter[1]" is converted into an equivalent circuit using register "pwm_5ms_counter[1]~_emulated" and latch "pwm_5ms_counter[1]~29"
    Warning (13310): Register "pwm_5ms_counter[0]" is converted into an equivalent circuit using register "pwm_5ms_counter[0]~_emulated" and latch "pwm_5ms_counter[0]~33"
Info (286030): Timing-Driven Synthesis is running
Critical Warning (18061): Ignored Power-Up Level option on the following registers
    Critical Warning (18010): Register steps_counter[0] will power up to Low
    Critical Warning (18010): Register steps_counter[31] will power up to Low
Info (16010): Generating hard_block partition "hard_block:auto_generated_inst"
    Info (16011): Adding 0 node(s), including 0 DDIO, 0 PLL, 0 transceiver and 0 LCELL
Info (21057): Implemented 160 device resources after synthesis - the final resource count might be different
    Info (21058): Implemented 12 input pins
    Info (21059): Implemented 39 output pins
    Info (21061): Implemented 109 logic cells
Info: Quartus II 64-Bit Analysis & Synthesis was successful. 0 errors, 14 warnings
    Info: Peak virtual memory: 630 megabytes
    Info: Processing ended: Mon Dec 01 21:14:24 2014
    Info: Elapsed time: 00:00:07
    Info: Total CPU time (on all processors): 00:00:06


